<?xml version="1.0" encoding="UTF-8"?>
<testng-results total="1" passed="1" failed="0" skipped="0">
  <reporter-output>
  </reporter-output>
  <suite started-at="2022-09-22T09:05:26Z" name="Default suite" finished-at="2022-09-22T09:05:28Z" duration-ms="1855">
    <groups>
    </groups>
    <test started-at="2022-09-22T09:05:26Z" name="Default test" finished-at="2022-09-22T09:05:28Z" duration-ms="1855">
      <class name="com.test.processOrder.ProcessOrderTest">
        <test-method is-config="true" signature="setUpConfiguration()[pri:0, instance:com.test.processOrder.ProcessOrderTest@60094a13]" started-at="2022-09-22T14:35:26Z" name="setUpConfiguration" finished-at="2022-09-22T14:35:27Z" duration-ms="619" status="PASS">
          <reporter-output>
          </reporter-output>
        </test-method> <!-- setUpConfiguration -->
        <test-method signature="validategetUsers()[pri:0, instance:com.test.processOrder.ProcessOrderTest@60094a13]" started-at="2022-09-22T14:35:27Z" name="validategetUsers" finished-at="2022-09-22T14:35:28Z" duration-ms="1223" status="PASS">
          <reporter-output>
          </reporter-output>
        </test-method> <!-- validategetUsers -->
      </class> <!-- com.test.processOrder.ProcessOrderTest -->
    </test> <!-- Default test -->
  </suite> <!-- Default suite -->
</testng-results>
